Flow report for ProgramCounterMUX
Tue Dec 01 17:21:22 2020
Quartus II 64-Bit Version 13.1.0 Build 162 10/23/2013 SJ Web Edition


---------------------
; Table of Contents ;
---------------------
  1. Legal Notice
  2. Flow Summary
  3. Flow Settings
  4. Flow Non-Default Global Settings
  5. Flow Elapsed Time
  6. Flow OS Summary
  7. Flow Log
  8. Flow Messages
  9. Flow Suppressed Messages



----------------
; Legal Notice ;
----------------
Copyright (C) 1991-2013 Altera Corporation
Your use of Altera Corporation's design tools, logic functions 
and other software and tools, and its AMPP partner logic 
functions, and any output files from any of the foregoing 
(including device programming or simulation files), and any 
associated documentation or information are expressly subject 
to the terms and conditions of the Altera Program License 
Subscription Agreement, Altera MegaCore Function License 
Agreement, or other applicable license agreement, including, 
without limitation, that your use is for the sole purpose of 
programming logic devices manufactured by Altera and sold by 
Altera or its authorized distributors.  Please refer to the 
applicable agreement for further details.



+---------------------------------------------------------------------------------+
; Flow Summary                                                                    ;
+------------------------------------+--------------------------------------------+
; Flow Status                        ; Successful - Tue Dec 01 17:21:22 2020      ;
; Quartus II 64-Bit Version          ; 13.1.0 Build 162 10/23/2013 SJ Web Edition ;
; Revision Name                      ; ProgramCounterMUX                          ;
; Top-level Entity Name              ; ProgramCounterMUX                          ;
; Family                             ; Cyclone IV GX                              ;
; Total logic elements               ; 16 / 21,280 ( < 1 % )                      ;
;     Total combinational functions  ; 16 / 21,280 ( < 1 % )                      ;
;     Dedicated logic registers      ; 0 / 21,280 ( 0 % )                         ;
; Total registers                    ; 0                                          ;
; Total pins                         ; 49 / 167 ( 29 % )                          ;
; Total virtual pins                 ; 0                                          ;
; Total memory bits                  ; 0 / 774,144 ( 0 % )                        ;
; Embedded Multiplier 9-bit elements ; 0 / 80 ( 0 % )                             ;
; Total GXB Receiver Channel PCS     ; 0 / 4 ( 0 % )                              ;
; Total GXB Receiver Channel PMA     ; 0 / 4 ( 0 % )                              ;
; Total GXB Transmitter Channel PCS  ; 0 / 4 ( 0 % )                              ;
; Total GXB Transmitter Channel PMA  ; 0 / 4 ( 0 % )                              ;
; Total PLLs                         ; 0 / 4 ( 0 % )                              ;
; Device                             ; EP4CGX22CF19C6                             ;
; Timing Models                      ; Final                                      ;
+------------------------------------+--------------------------------------------+


+-----------------------------------------+
; Flow Settings                           ;
+-------------------+---------------------+
; Option            ; Setting             ;
+-------------------+---------------------+
; Start date & time ; 11/30/2020 22:32:20 ;
; Main task         ; Compilation         ;
; Revision Name     ; ProgramCounterMUX   ;
+-------------------+---------------------+


+----------------------------------------------------------------------------------------------------------------------+
; Flow Non-Default Global Settings                                                                                     ;
+-------------------------------------+---------------------------------+---------------+-------------+----------------+
; Assignment Name                     ; Value                           ; Default Value ; Entity Name ; Section Id     ;
+-------------------------------------+---------------------------------+---------------+-------------+----------------+
; COMPILER_SIGNATURE_ID               ; 193866609351778.160679354004660 ; --            ; --          ; --             ;
; EDA_OUTPUT_DATA_FORMAT              ; Vhdl                            ; --            ; --          ; eda_simulation ;
; EDA_SIMULATION_TOOL                 ; ModelSim-Altera (VHDL)          ; <None>        ; --          ; --             ;
; PARTITION_COLOR                     ; 16764057                        ; --            ; --          ; Top            ;
; PARTITION_FITTER_PRESERVATION_LEVEL ; PLACEMENT_AND_ROUTING           ; --            ; --          ; Top            ;
; PARTITION_NETLIST_TYPE              ; SOURCE                          ; --            ; --          ; Top            ;
; PROJECT_OUTPUT_DIRECTORY            ; output_files                    ; --            ; --          ; --             ;
+-------------------------------------+---------------------------------+---------------+-------------+----------------+


+-------------------------------------------------------------------------------------------------------------------------------+
; Flow Elapsed Time                                                                                                             ;
+---------------------------+--------------+-------------------------+---------------------+------------------------------------+
; Module Name               ; Elapsed Time ; Average Processors Used ; Peak Virtual Memory ; Total CPU Time (on all processors) ;
+---------------------------+--------------+-------------------------+---------------------+------------------------------------+
; Analysis & Synthesis      ; 00:00:02     ; 1.0                     ; 4697 MB             ; 00:00:02                           ;
; Fitter                    ; 00:00:09     ; 1.0                     ; 4961 MB             ; 00:00:08                           ;
; Assembler                 ; 00:00:03     ; 1.0                     ; 4622 MB             ; 00:00:02                           ;
; TimeQuest Timing Analyzer ; 00:00:04     ; 1.0                     ; 4622 MB             ; 00:00:02                           ;
; EDA Netlist Writer        ; 00:00:01     ; 1.0                     ; 4589 MB             ; 00:00:01                           ;
; EDA Netlist Writer        ; 00:00:01     ; 1.0                     ; 4585 MB             ; 00:00:01                           ;
; EDA Netlist Writer        ; 00:00:01     ; 1.0                     ; 4601 MB             ; 00:00:01                           ;
; EDA Netlist Writer        ; 00:00:01     ; 1.0                     ; 4585 MB             ; 00:00:01                           ;
; EDA Netlist Writer        ; 00:00:01     ; 1.0                     ; 4601 MB             ; 00:00:01                           ;
; EDA Netlist Writer        ; 00:00:01     ; 1.0                     ; 4585 MB             ; 00:00:01                           ;
; EDA Netlist Writer        ; 00:00:01     ; 1.0                     ; 4601 MB             ; 00:00:01                           ;
; EDA Netlist Writer        ; 00:00:01     ; 1.0                     ; 4585 MB             ; 00:00:01                           ;
; EDA Netlist Writer        ; 00:00:01     ; 1.0                     ; 4585 MB             ; 00:00:01                           ;
; EDA Netlist Writer        ; 00:00:01     ; 1.0                     ; 4585 MB             ; 00:00:01                           ;
; EDA Netlist Writer        ; 00:00:01     ; 1.0                     ; 4601 MB             ; 00:00:01                           ;
; Total                     ; 00:00:29     ; --                      ; --                  ; 00:00:25                           ;
+---------------------------+--------------+-------------------------+---------------------+------------------------------------+


+----------------------------------------------------------------------------------------+
; Flow OS Summary                                                                        ;
+---------------------------+------------------+-----------+------------+----------------+
; Module Name               ; Machine Hostname ; OS Name   ; OS Version ; Processor type ;
+---------------------------+------------------+-----------+------------+----------------+
; Analysis & Synthesis      ; DESKTOP-IETUVTB  ; Windows 7 ; 6.2        ; x86_64         ;
; Fitter                    ; DESKTOP-IETUVTB  ; Windows 7 ; 6.2        ; x86_64         ;
; Assembler                 ; DESKTOP-IETUVTB  ; Windows 7 ; 6.2        ; x86_64         ;
; TimeQuest Timing Analyzer ; DESKTOP-IETUVTB  ; Windows 7 ; 6.2        ; x86_64         ;
; EDA Netlist Writer        ; DESKTOP-IETUVTB  ; Windows 7 ; 6.2        ; x86_64         ;
; EDA Netlist Writer        ; DESKTOP-IETUVTB  ; Windows 7 ; 6.2        ; x86_64         ;
; EDA Netlist Writer        ; DESKTOP-IETUVTB  ; Windows 7 ; 6.2        ; x86_64         ;
; EDA Netlist Writer        ; DESKTOP-IETUVTB  ; Windows 7 ; 6.2        ; x86_64         ;
; EDA Netlist Writer        ; DESKTOP-IETUVTB  ; Windows 7 ; 6.2        ; x86_64         ;
; EDA Netlist Writer        ; DESKTOP-IETUVTB  ; Windows 7 ; 6.2        ; x86_64         ;
; EDA Netlist Writer        ; DESKTOP-IETUVTB  ; Windows 7 ; 6.2        ; x86_64         ;
; EDA Netlist Writer        ; DESKTOP-IETUVTB  ; Windows 7 ; 6.2        ; x86_64         ;
; EDA Netlist Writer        ; DESKTOP-IETUVTB  ; Windows 7 ; 6.2        ; x86_64         ;
; EDA Netlist Writer        ; DESKTOP-IETUVTB  ; Windows 7 ; 6.2        ; x86_64         ;
; EDA Netlist Writer        ; DESKTOP-IETUVTB  ; Windows 7 ; 6.2        ; x86_64         ;
+---------------------------+------------------+-----------+------------+----------------+


------------
; Flow Log ;
------------
quartus_map --read_settings_files=on --write_settings_files=off ProgramCounterMUX -c ProgramCounterMUX
quartus_fit --read_settings_files=off --write_settings_files=off ProgramCounterMUX -c ProgramCounterMUX
quartus_asm --read_settings_files=off --write_settings_files=off ProgramCounterMUX -c ProgramCounterMUX
quartus_sta ProgramCounterMUX -c ProgramCounterMUX
quartus_eda --read_settings_files=off --write_settings_files=off ProgramCounterMUX -c ProgramCounterMUX
quartus_eda --gen_testbench --check_outputs=on --tool=modelsim_oem --format=verilog ProgramCounterMUX -c ProgramCounterMUX --vector_source=C:/Users/OMEN/Desktop/ProcesadorV2/ProgramCounterMUX.vwf --testbench_file=C:/Users/OMEN/Desktop/ProcesadorV2/simulation/qsim/ProgramCounterMUX.vwf.vt
quartus_eda --functional=off --flatten_buses=off --timescale=1ps --simulation=on --tool=modelsim_oem --format=verilog --output_directory=C:/Users/OMEN/Desktop/ProcesadorV2/simulation/qsim/ ProgramCounterMUX -c ProgramCounterMUX
quartus_eda --gen_testbench --check_outputs=on --tool=modelsim_oem --format=verilog ProgramCounterMUX -c ProgramCounterMUX --vector_source=C:/Users/OMEN/Desktop/ProcesadorV2/ProgramCounterMUX.vwf --testbench_file=C:/Users/OMEN/Desktop/ProcesadorV2/simulation/qsim/ProgramCounterMUX.vwf.vt
quartus_eda --functional=on --flatten_buses=off --simulation=on --tool=modelsim_oem --format=verilog --output_directory=C:/Users/OMEN/Desktop/ProcesadorV2/simulation/qsim/ ProgramCounterMUX -c ProgramCounterMUX
quartus_eda --gen_testbench --check_outputs=on --tool=modelsim_oem --format=verilog ProgramCounterMUX -c ProgramCounterMUX --vector_source=C:/Users/OMEN/Desktop/ProcesadorV2/ProgramCounterMUX.vwf --testbench_file=C:/Users/OMEN/Desktop/ProcesadorV2/simulation/qsim/ProgramCounterMUX.vwf.vt
quartus_eda --functional=on --flatten_buses=off --simulation=on --tool=modelsim_oem --format=verilog --output_directory=C:/Users/OMEN/Desktop/ProcesadorV2/simulation/qsim/ ProgramCounterMUX -c ProgramCounterMUX
quartus_eda --gen_testbench --check_outputs=on --tool=modelsim_oem --format=verilog ProgramCounterMUX -c ProgramCounterMUX --vector_source=C:/Users/OMEN/Desktop/ProcesadorV2/ProgramCounterMUX.vwf --testbench_file=C:/Users/OMEN/Desktop/ProcesadorV2/simulation/qsim/ProgramCounterMUX.vwf.vt
quartus_eda --functional=on --flatten_buses=off --simulation=on --tool=modelsim_oem --format=verilog --output_directory=C:/Users/OMEN/Desktop/ProcesadorV2/simulation/qsim/ ProgramCounterMUX -c ProgramCounterMUX
quartus_eda --gen_testbench --check_outputs=on --tool=modelsim_oem --format=verilog ProgramCounterMUX -c ProgramCounterMUX --vector_source=C:/Users/OMEN/Desktop/ProcesadorV2/ProgramCounterMUX.vwf --testbench_file=C:/Users/OMEN/Desktop/ProcesadorV2/simulation/qsim/ProgramCounterMUX.vwf.vt
quartus_eda --functional=on --flatten_buses=off --simulation=on --tool=modelsim_oem --format=verilog --output_directory=C:/Users/OMEN/Desktop/ProcesadorV2/simulation/qsim/ ProgramCounterMUX -c ProgramCounterMUX



